<?xml version="1.0" encoding="UTF-8"?>
<!-- Generated by org.testng.reporters.JUnitXMLReporter -->
<testsuite ignored="0" hostname="DESKTOP-5AMIFTG" failures="0" tests="4" name="Default test" time="3.753" errors="0" timestamp="2024-03-02T13:21:37 EST">
  <testcase classname="RestAssured_API_demo.RestAssured.AppTest" name="putRequest" time="1.844"/>
  <testcase classname="RestAssured_API_demo.RestAssured.AppTest" name="delRequest" time="0.38"/>
  <testcase classname="RestAssured_API_demo.RestAssured.AppTest" name="postRequest_json" time="0.347"/>
  <testcase classname="RestAssured_API_demo.RestAssured.AppTest" name="getRequest" time="0.587"/>
</testsuite> <!-- Default test -->
